Assembler report for Lab_1
Sun Sep 01 17:55:52 2019
Quartus Prime Version 18.1.0 Build 625 09/12/2018 SJ Lite Edition


---------------------
; Table of Contents ;
---------------------
  1. Legal Notice
  2. Assembler Summary
  3. Assembler Settings
  4. Assembler Generated Files
  5. Assembler Device Options: C:/Users/Tommy/Google Drive/Mechatronics_1/ultrasonicradar/output_files/Lab_1.sof
  6. Assembler Device Options: C:/Users/Tommy/Google Drive/Mechatronics_1/ultrasonicradar/output_files/Lab_1.pof
  7. Assembler Messages



----------------
; Legal Notice ;
----------------
Copyright (C) 2018  Intel Corporation. All rights reserved.
Your use of Intel Corporation's design tools, logic functions 
and other software and tools, and its AMPP partner logic 
functions, and any output files from any of the foregoing 
(including device programming or simulation files), and any 
associated documentation or information are expressly subject 
to the terms and conditions of the Intel Program License 
Subscription Agreement, the Intel Quartus Prime License Agreement,
the Intel FPGA IP License Agreement, or other applicable license
agreement, including, without limitation, that your use is for
the sole purpose of programming logic devices manufactured by
Intel and sold by Intel or its authorized distributors.  Please
refer to the applicable agreement for further details.



+---------------------------------------------------------------+
; Assembler Summary                                             ;
+-----------------------+---------------------------------------+
; Assembler Status      ; Successful - Sun Sep 01 17:55:52 2019 ;
; Revision Name         ; Lab_1                                 ;
; Top-level Entity Name ; FINAL_RADAR_SYSTEM_TOP_LEVEL          ;
; Family                ; Cyclone IV E                          ;
; Device                ; EP4CE6E22C8                           ;
+-----------------------+---------------------------------------+


+----------------------------------+
; Assembler Settings               ;
+--------+---------+---------------+
; Option ; Setting ; Default Value ;
+--------+---------+---------------+


+-----------------------------------------------------------------------------------+
; Assembler Generated Files                                                         ;
+-----------------------------------------------------------------------------------+
; File Name                                                                         ;
+-----------------------------------------------------------------------------------+
; C:/Users/Tommy/Google Drive/Mechatronics_1/ultrasonicradar/output_files/Lab_1.sof ;
; C:/Users/Tommy/Google Drive/Mechatronics_1/ultrasonicradar/output_files/Lab_1.pof ;
+-----------------------------------------------------------------------------------+


+-------------------------------------------------------------------------------------------------------------+
; Assembler Device Options: C:/Users/Tommy/Google Drive/Mechatronics_1/ultrasonicradar/output_files/Lab_1.sof ;
+----------------+--------------------------------------------------------------------------------------------+
; Option         ; Setting                                                                                    ;
+----------------+--------------------------------------------------------------------------------------------+
; JTAG usercode  ; 0x000BF85B                                                                                 ;
; Checksum       ; 0x000BF85B                                                                                 ;
+----------------+--------------------------------------------------------------------------------------------+


+-------------------------------------------------------------------------------------------------------------+
; Assembler Device Options: C:/Users/Tommy/Google Drive/Mechatronics_1/ultrasonicradar/output_files/Lab_1.pof ;
+--------------------+----------------------------------------------------------------------------------------+
; Option             ; Setting                                                                                ;
+--------------------+----------------------------------------------------------------------------------------+
; JTAG usercode      ; 0x00000000                                                                             ;
; Checksum           ; 0x1E5A1F14                                                                             ;
; Compression Ratio  ; 3                                                                                      ;
+--------------------+----------------------------------------------------------------------------------------+


+--------------------+
; Assembler Messages ;
+--------------------+
Info: *******************************************************************
Info: Running Quartus Prime Assembler
    Info: Version 18.1.0 Build 625 09/12/2018 SJ Lite Edition
    Info: Processing started: Sun Sep 01 17:55:51 2019
Info: Command: quartus_asm --read_settings_files=off --write_settings_files=off ultrasonicsensor -c Lab_1
Info (115031): Writing out detailed assembly data for power analysis
Info (115030): Assembler is generating device programming files
Info: Quartus Prime Assembler was successful. 0 errors, 0 warnings
    Info: Peak virtual memory: 4679 megabytes
    Info: Processing ended: Sun Sep 01 17:55:52 2019
    Info: Elapsed time: 00:00:01
    Info: Total CPU time (on all processors): 00:00:01


